-------------------------------------------------------------------------------
Test set: TestSuite
-------------------------------------------------------------------------------
Tests run: 2, Failures: 1, Errors: 0, Skipped: 0, Time elapsed: 1.442 s <<< FAILURE! - in TestSuite
SeleniumTest102(IMDB.Movies.SeleniumTest)  Time elapsed: 0.037 s  <<< FAILURE!
java.lang.NullPointerException
	at IMDB.Movies.SeleniumTest.SeleniumTest102(SeleniumTest.java:42)

