<?xml version="1.0" encoding="UTF-8"?>
<testng-results ignored="0" total="2" passed="1" failed="1" skipped="0">
  <reporter-output>
  </reporter-output>
<<<<<<< HEAD
  <suite started-at="2021-03-09T10:02:03 IST" name="Default suite" finished-at="2021-03-09T10:02:07 IST" duration-ms="4495">
    <groups>
      <group name="SMOKE">
        <method signature="SeleniumTest.SeleniumTest102()[pri:0, instance:IMDB.Movies.SeleniumTest@2cdd0d4b]" name="SeleniumTest102" class="IMDB.Movies.SeleniumTest"/>
        <method signature="SeleniumTest.Test2()[pri:0, instance:IMDB.Movies.SeleniumTest@2cdd0d4b]" name="Test2" class="IMDB.Movies.SeleniumTest"/>
      </group> <!-- SMOKE -->
    </groups>
    <test started-at="2021-03-09T10:02:03 IST" name="Default test" finished-at="2021-03-09T10:02:07 IST" duration-ms="4495">
      <class name="IMDB.Movies.SeleniumTest">
        <test-method is-config="true" signature="report()[pri:0, instance:IMDB.Movies.SeleniumTest@2cdd0d4b]" started-at="2021-03-09T10:02:03 IST" name="report" finished-at="2021-03-09T10:02:04 IST" duration-ms="883" status="PASS">
          <reporter-output>
          </reporter-output>
        </test-method> <!-- report -->
        <test-method signature="SeleniumTest102()[pri:0, instance:IMDB.Movies.SeleniumTest@2cdd0d4b]" started-at="2021-03-09T10:02:04 IST" name="SeleniumTest102" finished-at="2021-03-09T10:02:07 IST" duration-ms="3480" status="FAIL">
          <exception class="org.openqa.selenium.SessionNotCreatedException">
            <message>
              <![CDATA[session not created: This version of ChromeDriver only supports Chrome version 87
Current browser version is 89.0.4389.82 with binary path C:\Program Files (x86)\Google\Chrome\Application\chrome.exe
Build info: version: '3.141.59', revision: 'e82be7d358', time: '2018-11-14T08:17:03'
System info: host: 'LAPTOP-D021V5CU', ip: '192.168.43.111', os.name: 'Windows 10', os.arch: 'amd64', os.version: '10.0', java.version: '11.0.9'
Driver info: driver.version: ChromeDriver
remote stacktrace: Backtrace:
Ordinal0 [0x0053C0C3+3326147]
Ordinal0 [0x00420851+2164817]
Ordinal0 [0x002A7298+619160]
Ordinal0 [0x00221D92+73106]
Ordinal0 [0x0021E119+57625]
Ordinal0 [0x0021C38A+50058]
Ordinal0 [0x00245F3E+220990]
Ordinal0 [0x00245CAC+220332]
Ordinal0 [0x0024189B+202907]
Ordinal0 [0x00223DF4+81396]
Ordinal0 [0x00224DEE+85486]
Ordinal0 [0x00224D79+85369]
Ordinal0 [0x004385DC+2262492]
GetHandleVerifier [0x006C2874+1487204]
GetHandleVerifier [0x006C23CD+1486013]
GetHandleVerifier [0x006CA368+1518680]
GetHandleVerifier [0x006C2F4E+1488958]
Ordinal0 [0x0042ED0D+2223373]
Ordinal0 [0x0043A12B+2269483]
Ordinal0 [0x0043A26F+2269807]
Ordinal0 [0x0044ECB8+2354360]
BaseThreadInitThunk [0x75726359+25]
RtlGetAppContainerNamedObjectPath [0x77EA8944+228]
RtlGetAppContainerNamedObjectPath [0x77EA8914+180]
]]>
            </message>
            <full-stacktrace>
              <![CDATA[org.openqa.selenium.SessionNotCreatedException: session not created: This version of ChromeDriver only supports Chrome version 87
Current browser version is 89.0.4389.82 with binary path C:\Program Files (x86)\Google\Chrome\Application\chrome.exe
Build info: version: '3.141.59', revision: 'e82be7d358', time: '2018-11-14T08:17:03'
System info: host: 'LAPTOP-D021V5CU', ip: '192.168.43.111', os.name: 'Windows 10', os.arch: 'amd64', os.version: '10.0', java.version: '11.0.9'
Driver info: driver.version: ChromeDriver
remote stacktrace: Backtrace:
Ordinal0 [0x0053C0C3+3326147]
Ordinal0 [0x00420851+2164817]
Ordinal0 [0x002A7298+619160]
Ordinal0 [0x00221D92+73106]
Ordinal0 [0x0021E119+57625]
Ordinal0 [0x0021C38A+50058]
Ordinal0 [0x00245F3E+220990]
Ordinal0 [0x00245CAC+220332]
Ordinal0 [0x0024189B+202907]
Ordinal0 [0x00223DF4+81396]
Ordinal0 [0x00224DEE+85486]
Ordinal0 [0x00224D79+85369]
Ordinal0 [0x004385DC+2262492]
GetHandleVerifier [0x006C2874+1487204]
GetHandleVerifier [0x006C23CD+1486013]
GetHandleVerifier [0x006CA368+1518680]
GetHandleVerifier [0x006C2F4E+1488958]
Ordinal0 [0x0042ED0D+2223373]
Ordinal0 [0x0043A12B+2269483]
Ordinal0 [0x0043A26F+2269807]
Ordinal0 [0x0044ECB8+2354360]
BaseThreadInitThunk [0x75726359+25]
RtlGetAppContainerNamedObjectPath [0x77EA8944+228]
RtlGetAppContainerNamedObjectPath [0x77EA8914+180]

at java.base/jdk.internal.reflect.NativeConstructorAccessorImpl.newInstance0(Native Method)
at java.base/jdk.internal.reflect.NativeConstructorAccessorImpl.newInstance(NativeConstructorAccessorImpl.java:62)
at java.base/jdk.internal.reflect.DelegatingConstructorAccessorImpl.newInstance(DelegatingConstructorAccessorImpl.java:45)
at java.base/java.lang.reflect.Constructor.newInstance(Constructor.java:490)
at org.openqa.selenium.remote.W3CHandshakeResponse.lambda$errorHandler$0(W3CHandshakeResponse.java:62)
at org.openqa.selenium.remote.HandshakeResponse.lambda$getResponseFunction$0(HandshakeResponse.java:30)
at org.openqa.selenium.remote.ProtocolHandshake.lambda$createSession$0(ProtocolHandshake.java:126)
at java.base/java.util.stream.ReferencePipeline$3$1.accept(ReferencePipeline.java:195)
at java.base/java.util.Spliterators$ArraySpliterator.tryAdvance(Spliterators.java:958)
at java.base/java.util.stream.ReferencePipeline.forEachWithCancel(ReferencePipeline.java:127)
at java.base/java.util.stream.AbstractPipeline.copyIntoWithCancel(AbstractPipeline.java:502)
at java.base/java.util.stream.AbstractPipeline.copyInto(AbstractPipeline.java:488)
at java.base/java.util.stream.AbstractPipeline.wrapAndCopyInto(AbstractPipeline.java:474)
at java.base/java.util.stream.FindOps$FindOp.evaluateSequential(FindOps.java:150)
at java.base/java.util.stream.AbstractPipeline.evaluate(AbstractPipeline.java:234)
at java.base/java.util.stream.ReferencePipeline.findFirst(ReferencePipeline.java:543)
at org.openqa.selenium.remote.ProtocolHandshake.createSession(ProtocolHandshake.java:128)
at org.openqa.selenium.remote.ProtocolHandshake.createSession(ProtocolHandshake.java:74)
at org.openqa.selenium.remote.HttpCommandExecutor.execute(HttpCommandExecutor.java:136)
at org.openqa.selenium.remote.service.DriverCommandExecutor.execute(DriverCommandExecutor.java:83)
at org.openqa.selenium.remote.RemoteWebDriver.execute(RemoteWebDriver.java:552)
at org.openqa.selenium.remote.RemoteWebDriver.startSession(RemoteWebDriver.java:213)
at org.openqa.selenium.remote.RemoteWebDriver.<init>(RemoteWebDriver.java:131)
at org.openqa.selenium.chrome.ChromeDriver.<init>(ChromeDriver.java:181)
at org.openqa.selenium.chrome.ChromeDriver.<init>(ChromeDriver.java:168)
at org.openqa.selenium.chrome.ChromeDriver.<init>(ChromeDriver.java:123)
at IMDB.Movies.SeleniumTest.SeleniumTest102(SeleniumTest.java:47)
at java.base/jdk.internal.reflect.NativeMethodAccessorImpl.invoke0(Native Method)
at java.base/jdk.internal.reflect.NativeMethodAccessorImpl.invoke(NativeMethodAccessorImpl.java:62)
at java.base/jdk.internal.reflect.DelegatingMethodAccessorImpl.invoke(DelegatingMethodAccessorImpl.java:43)
at java.base/java.lang.reflect.Method.invoke(Method.java:566)
=======
  <suite started-at="2021-03-10T10:07:13 IST" name="Default suite" finished-at="2021-03-10T10:07:55 IST" duration-ms="41826">
    <groups>
      <group name="SMOKE">
        <method signature="SeleniumTest.SeleniumTest102()[pri:0, instance:IMDB.Movies.SeleniumTest@647fd8ce]" name="SeleniumTest102" class="IMDB.Movies.SeleniumTest"/>
        <method signature="SeleniumTest.Test2()[pri:0, instance:IMDB.Movies.SeleniumTest@647fd8ce]" name="Test2" class="IMDB.Movies.SeleniumTest"/>
      </group> <!-- SMOKE -->
    </groups>
    <test started-at="2021-03-10T10:07:13 IST" name="Default test" finished-at="2021-03-10T10:07:55 IST" duration-ms="41826">
      <class name="IMDB.Movies.SeleniumTest">
        <test-method is-config="true" signature="report()[pri:0, instance:IMDB.Movies.SeleniumTest@647fd8ce]" started-at="2021-03-10T10:07:13 IST" name="report" finished-at="2021-03-10T10:07:14 IST" duration-ms="743" status="PASS">
          <reporter-output>
          </reporter-output>
        </test-method> <!-- report -->
        <test-method signature="SeleniumTest102()[pri:0, instance:IMDB.Movies.SeleniumTest@647fd8ce]" started-at="2021-03-10T10:07:14 IST" name="SeleniumTest102" finished-at="2021-03-10T10:07:55 IST" duration-ms="41012" status="FAIL">
          <exception class="org.openqa.selenium.WebDriverException">
            <message>
              <![CDATA[unknown error: cannot determine loading status
from disconnected: received Inspector.detached event
  (Session info: chrome=89.0.4389.82)
Build info: version: '3.141.59', revision: 'e82be7d358', time: '2018-11-14T08:17:03'
System info: host: 'LAPTOP-D021V5CU', ip: '192.168.137.1', os.name: 'Windows 10', os.arch: 'amd64', os.version: '10.0', java.version: '13.0.2'
Driver info: org.openqa.selenium.chrome.ChromeDriver
Capabilities {acceptInsecureCerts: false, browserName: chrome, browserVersion: 89.0.4389.82, chrome: {chromedriverVersion: 89.0.4389.23 (61b08ee2c5002..., userDataDir: C:\Users\Rohit\AppData\Loca...}, goog:chromeOptions: {debuggerAddress: localhost:50133}, javascriptEnabled: true, networkConnectionEnabled: false, pageLoadStrategy: normal, platform: WINDOWS, platformName: WINDOWS, proxy: Proxy(), setWindowRect: true, strictFileInteractability: false, timeouts: {implicit: 0, pageLoad: 300000, script: 30000}, unhandledPromptBehavior: dismiss and notify, webauthn:extension:largeBlob: true, webauthn:virtualAuthenticators: true}
Session ID: 77f305c94d2191bab932dfd8789b33a7]]>
            </message>
            <full-stacktrace>
              <![CDATA[org.openqa.selenium.WebDriverException: unknown error: cannot determine loading status
from disconnected: received Inspector.detached event
  (Session info: chrome=89.0.4389.82)
Build info: version: '3.141.59', revision: 'e82be7d358', time: '2018-11-14T08:17:03'
System info: host: 'LAPTOP-D021V5CU', ip: '192.168.137.1', os.name: 'Windows 10', os.arch: 'amd64', os.version: '10.0', java.version: '13.0.2'
Driver info: org.openqa.selenium.chrome.ChromeDriver
Capabilities {acceptInsecureCerts: false, browserName: chrome, browserVersion: 89.0.4389.82, chrome: {chromedriverVersion: 89.0.4389.23 (61b08ee2c5002..., userDataDir: C:\Users\Rohit\AppData\Loca...}, goog:chromeOptions: {debuggerAddress: localhost:50133}, javascriptEnabled: true, networkConnectionEnabled: false, pageLoadStrategy: normal, platform: WINDOWS, platformName: WINDOWS, proxy: Proxy(), setWindowRect: true, strictFileInteractability: false, timeouts: {implicit: 0, pageLoad: 300000, script: 30000}, unhandledPromptBehavior: dismiss and notify, webauthn:extension:largeBlob: true, webauthn:virtualAuthenticators: true}
Session ID: 77f305c94d2191bab932dfd8789b33a7
at java.base/jdk.internal.reflect.NativeConstructorAccessorImpl.newInstance0(Native Method)
at java.base/jdk.internal.reflect.NativeConstructorAccessorImpl.newInstance(NativeConstructorAccessorImpl.java:62)
at java.base/jdk.internal.reflect.DelegatingConstructorAccessorImpl.newInstance(DelegatingConstructorAccessorImpl.java:45)
at java.base/java.lang.reflect.Constructor.newInstanceWithCaller(Constructor.java:500)
at java.base/java.lang.reflect.Constructor.newInstance(Constructor.java:481)
at org.openqa.selenium.remote.http.W3CHttpResponseCodec.createException(W3CHttpResponseCodec.java:187)
at org.openqa.selenium.remote.http.W3CHttpResponseCodec.decode(W3CHttpResponseCodec.java:122)
at org.openqa.selenium.remote.http.W3CHttpResponseCodec.decode(W3CHttpResponseCodec.java:49)
at org.openqa.selenium.remote.HttpCommandExecutor.execute(HttpCommandExecutor.java:158)
at org.openqa.selenium.remote.service.DriverCommandExecutor.execute(DriverCommandExecutor.java:83)
at org.openqa.selenium.remote.RemoteWebDriver.execute(RemoteWebDriver.java:552)
at org.openqa.selenium.remote.RemoteWebDriver.get(RemoteWebDriver.java:277)
at org.openqa.selenium.remote.RemoteWebDriver$RemoteNavigation.to(RemoteWebDriver.java:857)
at IMDB.Movies.SeleniumTest.SeleniumTest102(SeleniumTest.java:74)
at java.base/jdk.internal.reflect.NativeMethodAccessorImpl.invoke0(Native Method)
at java.base/jdk.internal.reflect.NativeMethodAccessorImpl.invoke(NativeMethodAccessorImpl.java:62)
at java.base/jdk.internal.reflect.DelegatingMethodAccessorImpl.invoke(DelegatingMethodAccessorImpl.java:43)
at java.base/java.lang.reflect.Method.invoke(Method.java:567)
>>>>>>> 1f14c99cf3697b85a028fd7739ff55c4f6814a7f
at org.testng.internal.MethodInvocationHelper.invokeMethod(MethodInvocationHelper.java:134)
at org.testng.internal.TestInvoker.invokeMethod(TestInvoker.java:597)
at org.testng.internal.TestInvoker.invokeTestMethod(TestInvoker.java:173)
at org.testng.internal.MethodRunner.runInSequence(MethodRunner.java:46)
at org.testng.internal.TestInvoker$MethodInvocationAgent.invoke(TestInvoker.java:816)
at org.testng.internal.TestInvoker.invokeTestMethods(TestInvoker.java:146)
at org.testng.internal.TestMethodWorker.invokeTestMethods(TestMethodWorker.java:146)
at org.testng.internal.TestMethodWorker.run(TestMethodWorker.java:128)
<<<<<<< HEAD
at java.base/java.util.ArrayList.forEach(ArrayList.java:1541)
=======
at java.base/java.util.ArrayList.forEach(ArrayList.java:1507)
>>>>>>> 1f14c99cf3697b85a028fd7739ff55c4f6814a7f
at org.testng.TestRunner.privateRun(TestRunner.java:766)
at org.testng.TestRunner.run(TestRunner.java:587)
at org.testng.SuiteRunner.runTest(SuiteRunner.java:384)
at org.testng.SuiteRunner.runSequentially(SuiteRunner.java:378)
at org.testng.SuiteRunner.privateRun(SuiteRunner.java:337)
at org.testng.SuiteRunner.run(SuiteRunner.java:286)
at org.testng.SuiteRunnerWorker.runSuite(SuiteRunnerWorker.java:53)
at org.testng.SuiteRunnerWorker.run(SuiteRunnerWorker.java:96)
at org.testng.TestNG.runSuitesSequentially(TestNG.java:1187)
at org.testng.TestNG.runSuitesLocally(TestNG.java:1109)
at org.testng.TestNG.runSuites(TestNG.java:1039)
at org.testng.TestNG.run(TestNG.java:1007)
at org.testng.remote.AbstractRemoteTestNG.run(AbstractRemoteTestNG.java:115)
at org.testng.remote.RemoteTestNG.initAndRun(RemoteTestNG.java:251)
at org.testng.remote.RemoteTestNG.main(RemoteTestNG.java:77)
]]>
            </full-stacktrace>
<<<<<<< HEAD
          </exception> <!-- org.openqa.selenium.SessionNotCreatedException -->
          <reporter-output>
          </reporter-output>
        </test-method> <!-- SeleniumTest102 -->
        <test-method signature="Test2()[pri:0, instance:IMDB.Movies.SeleniumTest@2cdd0d4b]" started-at="2021-03-09T10:02:07 IST" name="Test2" finished-at="2021-03-09T10:02:07 IST" duration-ms="4" status="PASS">
=======
          </exception> <!-- org.openqa.selenium.WebDriverException -->
          <reporter-output>
          </reporter-output>
        </test-method> <!-- SeleniumTest102 -->
        <test-method signature="Test2()[pri:0, instance:IMDB.Movies.SeleniumTest@647fd8ce]" started-at="2021-03-10T10:07:55 IST" name="Test2" finished-at="2021-03-10T10:07:55 IST" duration-ms="3" status="PASS">
>>>>>>> 1f14c99cf3697b85a028fd7739ff55c4f6814a7f
          <reporter-output>
          </reporter-output>
        </test-method> <!-- Test2 -->
      </class> <!-- IMDB.Movies.SeleniumTest -->
    </test> <!-- Default test -->
  </suite> <!-- Default suite -->
</testng-results>
