<?xml version="1.0" encoding="UTF-8"?>
<!-- Generated by org.testng.reporters.JUnitReportReporter -->
<testsuite hostname="LAPTOP-D021V5CU" failures="0" tests="2" name="IMDB.Movies.SeleniumTest" time="3.484" errors="1" timestamp="2021-03-09T10:02:07 IST" skipped="0">
  <testcase classname="IMDB.Movies.SeleniumTest" name="Test2" time="0.004"/>
  <system-out/>
  <testcase classname="IMDB.Movies.SeleniumTest" name="SeleniumTest102" time="3.480">
    <error message="session not created: This version of ChromeDriver only supports Chrome version 87
Current browser version is 89.0.4389.82 with binary path C:\Program Files (x86)\Google\Chrome\Application\chrome.exe
Build info: version: &#039;3.141.59&#039;, revision: &#039;e82be7d358&#039;, time: &#039;2018-11-14T08:17:03&#039;
System info: host: &#039;LAPTOP-D021V5CU&#039;, ip: &#039;192.168.43.111&#039;, os.name: &#039;Windows 10&#039;, os.arch: &#039;amd64&#039;, os.version: &#039;10.0&#039;, java.version: &#039;11.0.9&#039;
Driver info: driver.version: ChromeDriver
remote stacktrace: Backtrace:
	Ordinal0 [0x0053C0C3+3326147]
	Ordinal0 [0x00420851+2164817]
	Ordinal0 [0x002A7298+619160]
	Ordinal0 [0x00221D92+73106]
	Ordinal0 [0x0021E119+57625]
	Ordinal0 [0x0021C38A+50058]
	Ordinal0 [0x00245F3E+220990]
	Ordinal0 [0x00245CAC+220332]
	Ordinal0 [0x0024189B+202907]
	Ordinal0 [0x00223DF4+81396]
	Ordinal0 [0x00224DEE+85486]
	Ordinal0 [0x00224D79+85369]
	Ordinal0 [0x004385DC+2262492]
	GetHandleVerifier [0x006C2874+1487204]
	GetHandleVerifier [0x006C23CD+1486013]
	GetHandleVerifier [0x006CA368+1518680]
	GetHandleVerifier [0x006C2F4E+1488958]
	Ordinal0 [0x0042ED0D+2223373]
	Ordinal0 [0x0043A12B+2269483]
	Ordinal0 [0x0043A26F+2269807]
	Ordinal0 [0x0044ECB8+2354360]
	BaseThreadInitThunk [0x75726359+25]
	RtlGetAppContainerNamedObjectPath [0x77EA8944+228]
	RtlGetAppContainerNamedObjectPath [0x77EA8914+180]
" type="org.openqa.selenium.SessionNotCreatedException">
      <![CDATA[org.openqa.selenium.SessionNotCreatedException: session not created: This version of ChromeDriver only supports Chrome version 87
Current browser version is 89.0.4389.82 with binary path C:\Program Files (x86)\Google\Chrome\Application\chrome.exe
Build info: version: '3.141.59', revision: 'e82be7d358', time: '2018-11-14T08:17:03'
System info: host: 'LAPTOP-D021V5CU', ip: '192.168.43.111', os.name: 'Windows 10', os.arch: 'amd64', os.version: '10.0', java.version: '11.0.9'
Driver info: driver.version: ChromeDriver
remote stacktrace: Backtrace:
Ordinal0 [0x0053C0C3+3326147]
Ordinal0 [0x00420851+2164817]
Ordinal0 [0x002A7298+619160]
Ordinal0 [0x00221D92+73106]
Ordinal0 [0x0021E119+57625]
Ordinal0 [0x0021C38A+50058]
Ordinal0 [0x00245F3E+220990]
Ordinal0 [0x00245CAC+220332]
Ordinal0 [0x0024189B+202907]
Ordinal0 [0x00223DF4+81396]
Ordinal0 [0x00224DEE+85486]
Ordinal0 [0x00224D79+85369]
Ordinal0 [0x004385DC+2262492]
GetHandleVerifier [0x006C2874+1487204]
GetHandleVerifier [0x006C23CD+1486013]
GetHandleVerifier [0x006CA368+1518680]
GetHandleVerifier [0x006C2F4E+1488958]
Ordinal0 [0x0042ED0D+2223373]
Ordinal0 [0x0043A12B+2269483]
Ordinal0 [0x0043A26F+2269807]
Ordinal0 [0x0044ECB8+2354360]
BaseThreadInitThunk [0x75726359+25]
RtlGetAppContainerNamedObjectPath [0x77EA8944+228]
RtlGetAppContainerNamedObjectPath [0x77EA8914+180]

at java.base/jdk.internal.reflect.NativeConstructorAccessorImpl.newInstance0(Native Method)
at java.base/jdk.internal.reflect.NativeConstructorAccessorImpl.newInstance(NativeConstructorAccessorImpl.java:62)
at java.base/jdk.internal.reflect.DelegatingConstructorAccessorImpl.newInstance(DelegatingConstructorAccessorImpl.java:45)
at java.base/java.lang.reflect.Constructor.newInstance(Constructor.java:490)
at org.openqa.selenium.remote.W3CHandshakeResponse.lambda$errorHandler$0(W3CHandshakeResponse.java:62)
at org.openqa.selenium.remote.HandshakeResponse.lambda$getResponseFunction$0(HandshakeResponse.java:30)
at org.openqa.selenium.remote.ProtocolHandshake.lambda$createSession$0(ProtocolHandshake.java:126)
at java.base/java.util.stream.ReferencePipeline$3$1.accept(ReferencePipeline.java:195)
at java.base/java.util.Spliterators$ArraySpliterator.tryAdvance(Spliterators.java:958)
at java.base/java.util.stream.ReferencePipeline.forEachWithCancel(ReferencePipeline.java:127)
at java.base/java.util.stream.AbstractPipeline.copyIntoWithCancel(AbstractPipeline.java:502)
at java.base/java.util.stream.AbstractPipeline.copyInto(AbstractPipeline.java:488)
at java.base/java.util.stream.AbstractPipeline.wrapAndCopyInto(AbstractPipeline.java:474)
at java.base/java.util.stream.FindOps$FindOp.evaluateSequential(FindOps.java:150)
at java.base/java.util.stream.AbstractPipeline.evaluate(AbstractPipeline.java:234)
at java.base/java.util.stream.ReferencePipeline.findFirst(ReferencePipeline.java:543)
at org.openqa.selenium.remote.ProtocolHandshake.createSession(ProtocolHandshake.java:128)
at org.openqa.selenium.remote.ProtocolHandshake.createSession(ProtocolHandshake.java:74)
at org.openqa.selenium.remote.HttpCommandExecutor.execute(HttpCommandExecutor.java:136)
at org.openqa.selenium.remote.service.DriverCommandExecutor.execute(DriverCommandExecutor.java:83)
at org.openqa.selenium.remote.RemoteWebDriver.execute(RemoteWebDriver.java:552)
at org.openqa.selenium.remote.RemoteWebDriver.startSession(RemoteWebDriver.java:213)
at org.openqa.selenium.remote.RemoteWebDriver.<init>(RemoteWebDriver.java:131)
at org.openqa.selenium.chrome.ChromeDriver.<init>(ChromeDriver.java:181)
at org.openqa.selenium.chrome.ChromeDriver.<init>(ChromeDriver.java:168)
at org.openqa.selenium.chrome.ChromeDriver.<init>(ChromeDriver.java:123)
at IMDB.Movies.SeleniumTest.SeleniumTest102(SeleniumTest.java:47)
at java.base/jdk.internal.reflect.NativeMethodAccessorImpl.invoke0(Native Method)
at java.base/jdk.internal.reflect.NativeMethodAccessorImpl.invoke(NativeMethodAccessorImpl.java:62)
at java.base/jdk.internal.reflect.DelegatingMethodAccessorImpl.invoke(DelegatingMethodAccessorImpl.java:43)
at java.base/java.lang.reflect.Method.invoke(Method.java:566)
at org.testng.internal.MethodInvocationHelper.invokeMethod(MethodInvocationHelper.java:134)
at org.testng.internal.TestInvoker.invokeMethod(TestInvoker.java:597)
at org.testng.internal.TestInvoker.invokeTestMethod(TestInvoker.java:173)
at org.testng.internal.MethodRunner.runInSequence(MethodRunner.java:46)
at org.testng.internal.TestInvoker$MethodInvocationAgent.invoke(TestInvoker.java:816)
at org.testng.internal.TestInvoker.invokeTestMethods(TestInvoker.java:146)
at org.testng.internal.TestMethodWorker.invokeTestMethods(TestMethodWorker.java:146)
at org.testng.internal.TestMethodWorker.run(TestMethodWorker.java:128)
at java.base/java.util.ArrayList.forEach(ArrayList.java:1541)
at org.testng.TestRunner.privateRun(TestRunner.java:766)
at org.testng.TestRunner.run(TestRunner.java:587)
at org.testng.SuiteRunner.runTest(SuiteRunner.java:384)
at org.testng.SuiteRunner.runSequentially(SuiteRunner.java:378)
at org.testng.SuiteRunner.privateRun(SuiteRunner.java:337)
at org.testng.SuiteRunner.run(SuiteRunner.java:286)
at org.testng.SuiteRunnerWorker.runSuite(SuiteRunnerWorker.java:53)
at org.testng.SuiteRunnerWorker.run(SuiteRunnerWorker.java:96)
at org.testng.TestNG.runSuitesSequentially(TestNG.java:1187)
at org.testng.TestNG.runSuitesLocally(TestNG.java:1109)
at org.testng.TestNG.runSuites(TestNG.java:1039)
at org.testng.TestNG.run(TestNG.java:1007)
at org.testng.remote.AbstractRemoteTestNG.run(AbstractRemoteTestNG.java:115)
at org.testng.remote.RemoteTestNG.initAndRun(RemoteTestNG.java:251)
at org.testng.remote.RemoteTestNG.main(RemoteTestNG.java:77)
]]>
    </error>
  </testcase> <!-- SeleniumTest102 -->
  <system-out/>
</testsuite> <!-- IMDB.Movies.SeleniumTest -->
